app/build/outputs/mapping/release/mapping.txt
# compiler: R8
# compiler_version: 8.5.10
# min_api: 21
# common_typos_disable
# {"id":"com.android.tools.r8.mapping","version":"2.2"}
# pg_map_id: e215af4
# pg_map_hash: SHA-256 e215af47b66b94fb2a332df3338f1a10a8ab432c732188b4f91118654fef9ccc
com.sunbassschool.app.Application -> com.sunbassschool.app.Application:
# {"id":"sourceFile","fileName":"Application.java"}
com.sunbassschool.app.DelegationService -> com.sunbassschool.app.DelegationService:
# {"id":"sourceFile","fileName":"DelegationService.java"}
com.sunbassschool.app.LauncherActivity -> com.sunbassschool.app.LauncherActivity:
# {"id":"sourceFile","fileName":"LauncherActivity.java"}
    1:1:android.net.Uri getLaunchingUrl():0:0 -> h
...
com.google.androidbrowserhelper.trusted.ManageDataLauncherActivity$$ExternalSyntheticApiModelOutline2 -> n.n:
# {"id":"sourceFile","fileName":"R8$$SyntheticClass"}
# {"id":"com.android.tools.r8.synthesized"}
    1:1:android.content.pm.ShortcutManager n.ManageDataLauncherActivity$$ExternalSyntheticApiModelOutline2.m(java.lang.Object):0:0 -> a
      # {"id":"com.android.tools.r8.synthesized"}
com.google.androidbrowserhelper.trusted.ManageDataLauncherActivity$$ExternalSyntheticApiModelOutline3 -> n.o:
# {"id":"sourceFile","fileName":"R8$$SyntheticClass"}
# {"id":"com.android.tools.r8.synthesized"}
    1:1:void n.ManageDataLauncherActivity$$ExternalSyntheticApiModelOutline3.m(android.content.pm.ShortcutManager,java.util.List):0:0 -> a
      # {"id":"com.android.tools.r8.synthesized"}
com.google.androidbrowserhelper.trusted.ManageDataLauncherActivity$$ExternalSyntheticApiModelOutline4 -> n.p:
# {"id":"sourceFile","fileName":"R8$$SyntheticClass"}
# {"id":"com.android.tools.r8.synthesized"}
    1:1:boolean n.ManageDataLauncherActivity$$ExternalSyntheticApiModelOutline4.m(android.content.pm.ShortcutManager,java.util.List):0:0 -> a
      # {"id":"com.android.tools.r8.synthesized"}
com.google.androidbrowserhelper.trusted.ManageDataLauncherActivity$$ExternalSyntheticApiModelOutline5 -> n.q:
# {"id":"sourceFile","fileName":"R8$$SyntheticClass"}
# {"id":"com.android.tools.r8.synthesized"}
    1:1:android.content.pm.ShortcutInfo$Builder n.ManageDataLauncherActivity$$ExternalSyntheticApiModelOutline5.m(android.content.pm.ShortcutInfo$Builder,java.lang.CharSequence):0:0 -> a
      # {"id":"com.android.tools.r8.synthesized"}
com.google.androidbrowserhelper.trusted.ManageDataLauncherActivity$$ExternalSyntheticApiModelOutline6 -> n.r:
# {"id":"sourceFile","fileName":"R8$$SyntheticClass"}
# {"id":"com.android.tools.r8.synthesized"}
    1:1:android.content.pm.ShortcutInfo$Builder n.ManageDataLauncherActivity$$ExternalSyntheticApiModelOutline6.m(android.content.pm.ShortcutInfo$Builder,java.lang.CharSequence):0:0 -> a
      # {"id":"com.android.tools.r8.synthesized"}
com.google.androidbrowserhelper.trusted.ManageDataLauncherActivity$$ExternalSyntheticApiModelOutline7 -> n.s:
# {"id":"sourceFile","fileName":"R8$$SyntheticClass"}
# {"id":"com.android.tools.r8.synthesized"}
    1:1:android.graphics.drawable.Icon n.ManageDataLauncherActivity$$ExternalSyntheticApiModelOutline7.m(android.content.Context,int):0:0 -> a
      # {"id":"com.android.tools.r8.synthesized"}
com.google.androidbrowserhelper.trusted.ManageDataLauncherActivity$$ExternalSyntheticApiModelOutline8 -> n.t:
# {"id":"sourceFile","fileName":"R8$$SyntheticClass"}
# {"id":"com.android.tools.r8.synthesized"}
    1:1:android.content.pm.ShortcutInfo$Builder n.ManageDataLauncherActivity$$ExternalSyntheticApiModelOutline8.m(android.content.pm.ShortcutInfo$Builder,android.graphics.drawable.Icon):0:0 -> a
      # {"id":"com.android.tools.r8.synthesized"}
com.google.androidbrowserhelper.trusted.ManageDataLauncherActivity$$ExternalSyntheticApiModelOutline9 -> n.u:
# {"id":"sourceFile","fileName":"R8$$SyntheticClass"}
# {"id":"com.android.tools.r8.synthesized"}
    1:1:android.content.pm.ShortcutInfo$Builder n.ManageDataLauncherActivity$$ExternalSyntheticApiModelOutline9.m(android.content.pm.ShortcutInfo$Builder,android.content.Intent):0:0 -> a
      # {"id":"com.android.tools.r8.synthesized"}
com.google.androidbrowserhelper.trusted.ManageDataLauncherActivity$1 -> com.google.androidbrowserhelper.trusted.ManageDataLauncherActivity$a:
# {"id":"sourceFile","fileName":"ManageDataLauncherActivity.java"}